Hmm ... looks like a package

This is pdfTeX, Version 3.14159265-2.6-1.40.16 (TeX Live 2015/Debian) (preloaded format=pdflatex)
 restricted \write18 enabled.
entering extended mode
LaTeX2e <2016/02/01>
Babel <3.9q> and hyphenation patterns for 81 language(s) loaded.
(./Rd2.tex
(/usr/share/texlive/texmf-dist/tex/latex/base/book.cls
Document Class: book 2014/09/29 v1.4h Standard LaTeX document class
(/usr/share/texlive/texmf-dist/tex/latex/base/bk10.clo))
(/usr/share/R/share/texmf/tex/latex/Rd.sty
(/usr/share/texlive/texmf-dist/tex/latex/base/ifthen.sty)
(/usr/share/texlive/texmf-dist/tex/latex/tools/longtable.sty)
(/usr/share/texlive/texmf-dist/tex/latex/tools/bm.sty)
(/usr/share/texlive/texmf-dist/tex/latex/base/alltt.sty)
(/usr/share/texlive/texmf-dist/tex/latex/tools/verbatim.sty)
(/usr/share/texlive/texmf-dist/tex/latex/url/url.sty)
(/usr/share/texlive/texmf-dist/tex/latex/base/textcomp.sty
(/usr/share/texlive/texmf-dist/tex/latex/base/ts1enc.def))
(/usr/share/texlive/texmf-dist/tex/latex/base/fontenc.sty
(/usr/share/texlive/texmf-dist/tex/latex/base/t1enc.def))
(/usr/share/texlive/texmf-dist/tex/latex/psnfss/times.sty)
(/usr/share/texlive/texmf-dist/tex/latex/inconsolata/zi4.sty
`inconsolata-zi4' v1.10, 2016/02/22 Text macros for Inconsolata (msharpe)
(/usr/share/texlive/texmf-dist/tex/latex/graphics/keyval.sty))
(/usr/share/texlive/texmf-dist/tex/latex/graphics/color.sty
(/usr/share/texlive/texmf-dist/tex/latex/latexconfig/color.cfg)
(/usr/share/texlive/texmf-dist/tex/latex/pdftex-def/pdftex.def
(/usr/share/texlive/texmf-dist/tex/generic/oberdiek/infwarerr.sty)
(/usr/share/texlive/texmf-dist/tex/generic/oberdiek/ltxcmds.sty)))
(/usr/share/texlive/texmf-dist/tex/latex/hyperref/hyperref.sty
(/usr/share/texlive/texmf-dist/tex/generic/oberdiek/hobsub-hyperref.sty
(/usr/share/texlive/texmf-dist/tex/generic/oberdiek/hobsub-generic.sty))
(/usr/share/texlive/texmf-dist/tex/generic/ifxetex/ifxetex.sty)
(/usr/share/texlive/texmf-dist/tex/latex/oberdiek/auxhook.sty)
(/usr/share/texlive/texmf-dist/tex/latex/oberdiek/kvoptions.sty)
(/usr/share/texlive/texmf-dist/tex/latex/hyperref/pd1enc.def)
(/usr/share/texlive/texmf-dist/tex/latex/latexconfig/hyperref.cfg))

Package hyperref Message: Driver (autodetected): hpdftex.

(/usr/share/texlive/texmf-dist/tex/latex/hyperref/hpdftex.def
(/usr/share/texlive/texmf-dist/tex/latex/oberdiek/rerunfilecheck.sty))

Package hyperref Warning: Option `hyperindex' has already been used,
(hyperref)                setting the option has no effect on input line 366.


Package hyperref Warning: Option `pagebackref' has already been used,
(hyperref)                setting the option has no effect on input line 366.

) (/usr/share/texlive/texmf-dist/tex/latex/base/makeidx.sty)
(/usr/share/texlive/texmf-dist/tex/latex/base/inputenc.sty
(/usr/share/texlive/texmf-dist/tex/latex/base/utf8.def
(/usr/share/texlive/texmf-dist/tex/latex/base/t1enc.dfu)
(/usr/share/texlive/texmf-dist/tex/latex/base/ot1enc.dfu)
(/usr/share/texlive/texmf-dist/tex/latex/base/omsenc.dfu)
(/usr/share/texlive/texmf-dist/tex/latex/base/ts1enc.dfu))
(/usr/share/texlive/texmf-dist/tex/latex/base/latin1.def))
Writing index file Rd2.idx
No file Rd2.aux.
(/usr/share/texlive/texmf-dist/tex/latex/base/ts1cmr.fd)
(/usr/share/texlive/texmf-dist/tex/latex/psnfss/t1ptm.fd)
(/usr/share/texlive/texmf-dist/tex/context/base/supp-pdf.mkii
[Loading MPS to PDF converter (version 2006.09.02).]
) (/usr/share/texlive/texmf-dist/tex/latex/hyperref/nameref.sty
(/usr/share/texlive/texmf-dist/tex/generic/oberdiek/gettitlestring.sty))
(/usr/share/texlive/texmf-dist/tex/latex/inconsolata/t1zi4.fd)
(/usr/share/texlive/texmf-dist/tex/latex/psnfss/t1phv.fd)
(/usr/share/texlive/texmf-dist/tex/latex/base/utf8.def)
Underfull \hbox (badness 10000) in paragraph at lines 37--105


Underfull \hbox (badness 10000) in paragraph at lines 37--105


Underfull \hbox (badness 10000) in paragraph at lines 37--105


Underfull \hbox (badness 10000) in paragraph at lines 37--105


Underfull \hbox (badness 10000) in paragraph at lines 37--105


Underfull \hbox (badness 10000) in paragraph at lines 37--105


Underfull \hbox (badness 10000) in paragraph at lines 37--105


Underfull \hbox (badness 10000) in paragraph at lines 37--105

[1{/var/lib/texmf/fonts/map/pdftex/updmap/pdftex.map}]
Underfull \vbox (badness 10000) has occurred while \output is active [2]
(/usr/share/texlive/texmf-dist/tex/latex/psnfss/ts1ptm.fd)
Overfull \hbox (7.75723pt too wide) in paragraph at lines 134--138
\T1/ptm/m/n/10 of Hu-man Daily Phys-i-cal Ac-tiv-ity. PLoS ONE 8(4): e61691. do
i:10.1371/journal.pone.0061691 
[3] (/usr/share/texlive/texmf-dist/tex/latex/base/utf8.def)
(/usr/share/texlive/texmf-dist/tex/latex/base/utf8.def) [4]
(/usr/share/texlive/texmf-dist/tex/latex/base/utf8.def)
(/usr/share/texlive/texmf-dist/tex/latex/base/utf8.def)
Overfull \hbox (7.78088pt too wide) in paragraph at lines 278--278
 []\T1/zi4/m/n/10 winhr = 5, idloc = 1,snloc=1,mvpathreshold = c(),boutcriter=c
(),mvpadur=c(1,5,10),[] 
[5] [6]
Underfull \hbox (badness 10000) in paragraph at lines 385--386

[7]
Underfull \hbox (badness 10000) in paragraph at lines 462--463

[8]
Overfull \hbox (2.69771pt too wide) in paragraph at lines 483--485
[]\T1/zi4/m/n/10 pX_ENMO_mg_0-24h \T1/ptm/m/n/10 Per-centile in the short epoch
 dis-tri-bu-tion with in-valid data im-puted. Within
[9] (/usr/share/texlive/texmf-dist/tex/latex/base/utf8.def) [10]
Overfull \hbox (20.60657pt too wide) in paragraph at lines 581--583
[]\T1/ptm/m/n/10 Vincent T van Hees <vin-cent-van-hees@gmail.com> Jing Hua Zhao
 <jinghua.zhao@mrc-epid.cam.ac.uk> 
(/usr/share/texlive/texmf-dist/tex/latex/base/utf8.def) [11]
(/usr/share/texlive/texmf-dist/tex/latex/base/utf8.def) [12] [13]
(/usr/share/texlive/texmf-dist/tex/latex/base/utf8.def)
Overfull \hbox (24.78088pt too wide) in paragraph at lines 782--782
 []\T1/zi4/m/n/10 do.dev_roll_med_acc_x=FALSE,do.dev_roll_med_acc_y=FALSE,do.de
v_roll_med_acc_z=FALSE,[] 

Overfull \hbox (34.42796pt too wide) in paragraph at lines 794--802
[]\T1/ptm/m/n/10 Three val-ues to in-di-cate the lengths of the win-dows as in 
c(window1,window2,window3):
[14] [15] (/usr/share/texlive/texmf-dist/tex/latex/base/utf8.def) [16] [17]
(/usr/share/texlive/texmf-dist/tex/latex/base/utf8.def) [18]
(/usr/share/texlive/texmf-dist/tex/latex/base/utf8.def) [19] [20]
Overfull \hbox (7.75723pt too wide) in paragraph at lines 1262--1266
\T1/ptm/m/n/10 of Hu-man Daily Phys-i-cal Ac-tiv-ity. PLoS ONE 8(4): e61691. do
i:10.1371/journal.pone.0061691 
[21] (/usr/share/texlive/texmf-dist/tex/latex/base/utf8.def)
Overfull \hbox (19.78088pt too wide) in paragraph at lines 1298--1298
 []\T1/zi4/m/n/10 g.part2(datadir=c(),metadatadir=c(),f0=c(),f1=c(),strategy = 
1, hrs.del.start = 0.5,[] 

Overfull \hbox (2.78088pt too wide) in paragraph at lines 1301--1301
 []\T1/zi4/m/n/10 ilevels = c(0,10), mvpathreshold = c(100),boutcriter = 0.8,nd
ayswindow=7,idloc=1,[] 

Overfull \hbox (64.7862pt too wide) in paragraph at lines 1311--1314
\T1/ptm/m/n/10 celerom-e-ter file-names and di-rec-to-ries, e.g. c("C:/mydata/m
yfile1.bin","C:/mydata/myfile2.bin"). 
[22] [23]
Overfull \hbox (7.75723pt too wide) in paragraph at lines 1453--1457
\T1/ptm/m/n/10 of Hu-man Daily Phys-i-cal Ac-tiv-ity. PLoS ONE 8(4): e61691. do
i:10.1371/journal.pone.0061691 
(/usr/share/texlive/texmf-dist/tex/latex/base/utf8.def) [24]
Underfull \hbox (badness 10000) in paragraph at lines 1533--1536

[25] (/usr/share/texlive/texmf-dist/tex/latex/inconsolata/ts1zi4.fd)
(/usr/share/texlive/texmf-dist/tex/latex/base/utf8.def) [26] [27]
Underfull \hbox (badness 10000) in paragraph at lines 1709--1712

[28]
Underfull \hbox (badness 10000) in paragraph at lines 1769--1774


Overfull \hbox (1.01826pt too wide) in paragraph at lines 1791--1793
[]\T1/zi4/m/n/10 sleeplog_dur_WD_sd \T1/ptm/m/n/10 Stan-dard de-vi-a-tion of sl
eep du-ra-tion ac-cord-ing to sleeplog ac-cros week-

Overfull \hbox (1.01826pt too wide) in paragraph at lines 1793--1795
[]\T1/zi4/m/n/10 sleeplog_dur_WE_sd \T1/ptm/m/n/10 Stan-dard de-vi-a-tion of sl
eep du-ra-tion ac-cord-ing to sleeplog ac-cros week-
[29] (/usr/share/texlive/texmf-dist/tex/latex/base/utf8.def) [30]
(/usr/share/texlive/texmf-dist/tex/latex/base/utf8.def)
Overfull \hbox (64.7862pt too wide) in paragraph at lines 1920--1923
\T1/ptm/m/n/10 celerom-e-ter file-names and di-rec-to-ries, e.g. c("C:/mydata/m
yfile1.bin","C:/mydata/myfile2.bin"). 
[31]
Overfull \hbox (7.75723pt too wide) in paragraph at lines 1981--1985
\T1/ptm/m/n/10 of Hu-man Daily Phys-i-cal Ac-tiv-ity. PLoS ONE 8(4): e61691. do
i:10.1371/journal.pone.0061691 
[32]
Underfull \vbox (badness 3803) has occurred while \output is active [33]
No file Rd2.ind.
[34] (/tmp/RtmpOvjeuP/Rd2pdf20d437a9c1bb/Rd2.aux)

Package rerunfilecheck Warning: File `Rd2.out' has changed.
(rerunfilecheck)                Rerun to get outlines right
(rerunfilecheck)                or use package `bookmark'.

 )
(see the transcript file for additional information){/usr/share/texlive/texmf-d
ist/fonts/enc/dvips/inconsolata/i4-ts1.enc}{/usr/share/texlive/texmf-dist/fonts
/enc/dvips/base/8r.enc}{/usr/share/texlive/texmf-dist/fonts/enc/dvips/inconsola
ta/i4-t1-0.enc}</usr/share/texlive/texmf-dist/fonts/type1/public/inconsolata/In
consolata-zi4r.pfb></usr/share/texlive/texmf-dist/fonts/type1/urw/helvetic/uhvr
8a.pfb></usr/share/texlive/texmf-dist/fonts/type1/urw/times/utmb8a.pfb></usr/sh
are/texlive/texmf-dist/fonts/type1/urw/times/utmr8a.pfb></usr/share/texlive/tex
mf-dist/fonts/type1/urw/times/utmr8a.pfb></usr/share/texlive/texmf-dist/fonts/t
ype1/urw/times/utmri8a.pfb>
Output written on Rd2.pdf (34 pages, 155682 bytes).
Transcript written on Rd2.log.
This is pdfTeX, Version 3.14159265-2.6-1.40.16 (TeX Live 2015/Debian) (preloaded format=pdflatex)
 restricted \write18 enabled.
entering extended mode
LaTeX2e <2016/02/01>
Babel <3.9q> and hyphenation patterns for 81 language(s) loaded.
(./Rd2.tex
(/usr/share/texlive/texmf-dist/tex/latex/base/book.cls
Document Class: book 2014/09/29 v1.4h Standard LaTeX document class
(/usr/share/texlive/texmf-dist/tex/latex/base/bk10.clo))
(/usr/share/R/share/texmf/tex/latex/Rd.sty
(/usr/share/texlive/texmf-dist/tex/latex/base/ifthen.sty)
(/usr/share/texlive/texmf-dist/tex/latex/tools/longtable.sty)
(/usr/share/texlive/texmf-dist/tex/latex/tools/bm.sty)
(/usr/share/texlive/texmf-dist/tex/latex/base/alltt.sty)
(/usr/share/texlive/texmf-dist/tex/latex/tools/verbatim.sty)
(/usr/share/texlive/texmf-dist/tex/latex/url/url.sty)
(/usr/share/texlive/texmf-dist/tex/latex/base/textcomp.sty
(/usr/share/texlive/texmf-dist/tex/latex/base/ts1enc.def))
(/usr/share/texlive/texmf-dist/tex/latex/base/fontenc.sty
(/usr/share/texlive/texmf-dist/tex/latex/base/t1enc.def))
(/usr/share/texlive/texmf-dist/tex/latex/psnfss/times.sty)
(/usr/share/texlive/texmf-dist/tex/latex/inconsolata/zi4.sty
`inconsolata-zi4' v1.10, 2016/02/22 Text macros for Inconsolata (msharpe)
(/usr/share/texlive/texmf-dist/tex/latex/graphics/keyval.sty))
(/usr/share/texlive/texmf-dist/tex/latex/graphics/color.sty
(/usr/share/texlive/texmf-dist/tex/latex/latexconfig/color.cfg)
(/usr/share/texlive/texmf-dist/tex/latex/pdftex-def/pdftex.def
(/usr/share/texlive/texmf-dist/tex/generic/oberdiek/infwarerr.sty)
(/usr/share/texlive/texmf-dist/tex/generic/oberdiek/ltxcmds.sty)))
(/usr/share/texlive/texmf-dist/tex/latex/hyperref/hyperref.sty
(/usr/share/texlive/texmf-dist/tex/generic/oberdiek/hobsub-hyperref.sty
(/usr/share/texlive/texmf-dist/tex/generic/oberdiek/hobsub-generic.sty))
(/usr/share/texlive/texmf-dist/tex/generic/ifxetex/ifxetex.sty)
(/usr/share/texlive/texmf-dist/tex/latex/oberdiek/auxhook.sty)
(/usr/share/texlive/texmf-dist/tex/latex/oberdiek/kvoptions.sty)
(/usr/share/texlive/texmf-dist/tex/latex/hyperref/pd1enc.def)
(/usr/share/texlive/texmf-dist/tex/latex/latexconfig/hyperref.cfg))

Package hyperref Message: Driver (autodetected): hpdftex.

(/usr/share/texlive/texmf-dist/tex/latex/hyperref/hpdftex.def
(/usr/share/texlive/texmf-dist/tex/latex/oberdiek/rerunfilecheck.sty))

Package hyperref Warning: Option `hyperindex' has already been used,
(hyperref)                setting the option has no effect on input line 366.


Package hyperref Warning: Option `pagebackref' has already been used,
(hyperref)                setting the option has no effect on input line 366.

) (/usr/share/texlive/texmf-dist/tex/latex/base/makeidx.sty)
(/usr/share/texlive/texmf-dist/tex/latex/base/inputenc.sty
(/usr/share/texlive/texmf-dist/tex/latex/base/utf8.def
(/usr/share/texlive/texmf-dist/tex/latex/base/t1enc.dfu)
(/usr/share/texlive/texmf-dist/tex/latex/base/ot1enc.dfu)
(/usr/share/texlive/texmf-dist/tex/latex/base/omsenc.dfu)
(/usr/share/texlive/texmf-dist/tex/latex/base/ts1enc.dfu))
(/usr/share/texlive/texmf-dist/tex/latex/base/latin1.def))
Writing index file Rd2.idx
(/tmp/RtmpOvjeuP/Rd2pdf20d437a9c1bb/Rd2.aux)
(/usr/share/texlive/texmf-dist/tex/latex/base/ts1cmr.fd)
(/usr/share/texlive/texmf-dist/tex/latex/psnfss/t1ptm.fd)
(/usr/share/texlive/texmf-dist/tex/context/base/supp-pdf.mkii
[Loading MPS to PDF converter (version 2006.09.02).]
) (/usr/share/texlive/texmf-dist/tex/latex/hyperref/nameref.sty
(/usr/share/texlive/texmf-dist/tex/generic/oberdiek/gettitlestring.sty))
(/tmp/RtmpOvjeuP/Rd2pdf20d437a9c1bb/Rd2.out)
(/tmp/RtmpOvjeuP/Rd2pdf20d437a9c1bb/Rd2.out)
(/usr/share/texlive/texmf-dist/tex/latex/inconsolata/t1zi4.fd)
(/usr/share/texlive/texmf-dist/tex/latex/psnfss/t1phv.fd)
(/tmp/RtmpOvjeuP/Rd2pdf20d437a9c1bb/Rd2.toc [1{/var/lib/texmf/fonts/map/pdftex/
updmap/pdftex.map}]) (/usr/share/texlive/texmf-dist/tex/latex/base/utf8.def)
Underfull \hbox (badness 10000) in paragraph at lines 37--105


Underfull \hbox (badness 10000) in paragraph at lines 37--105


Underfull \hbox (badness 10000) in paragraph at lines 37--105


Underfull \hbox (badness 10000) in paragraph at lines 37--105


Underfull \hbox (badness 10000) in paragraph at lines 37--105


Underfull \hbox (badness 10000) in paragraph at lines 37--105


Underfull \hbox (badness 10000) in paragraph at lines 37--105


Underfull \hbox (badness 10000) in paragraph at lines 37--105

[2] (/usr/share/texlive/texmf-dist/tex/latex/psnfss/ts1ptm.fd)
Overfull \hbox (7.75723pt too wide) in paragraph at lines 134--138
\T1/ptm/m/n/10 of Hu-man Daily Phys-i-cal Ac-tiv-ity. PLoS ONE 8(4): e61691. do
i:10.1371/journal.pone.0061691 
[3] (/usr/share/texlive/texmf-dist/tex/latex/base/utf8.def)
(/usr/share/texlive/texmf-dist/tex/latex/base/utf8.def) [4]
(/usr/share/texlive/texmf-dist/tex/latex/base/utf8.def)
(/usr/share/texlive/texmf-dist/tex/latex/base/utf8.def) [5]
Overfull \hbox (7.78088pt too wide) in paragraph at lines 278--278
 []\T1/zi4/m/n/10 winhr = 5, idloc = 1,snloc=1,mvpathreshold = c(),boutcriter=c
(),mvpadur=c(1,5,10),[] 
[6]
Underfull \hbox (badness 10000) in paragraph at lines 385--386

[7] [8]
Underfull \hbox (badness 10000) in paragraph at lines 462--463


Overfull \hbox (2.69771pt too wide) in paragraph at lines 483--485
[]\T1/zi4/m/n/10 pX_ENMO_mg_0-24h \T1/ptm/m/n/10 Per-centile in the short epoch
 dis-tri-bu-tion with in-valid data im-puted. Within
[9] (/usr/share/texlive/texmf-dist/tex/latex/base/utf8.def) [10]
Overfull \hbox (20.60657pt too wide) in paragraph at lines 581--583
[]\T1/ptm/m/n/10 Vincent T van Hees <vin-cent-van-hees@gmail.com> Jing Hua Zhao
 <jinghua.zhao@mrc-epid.cam.ac.uk> 
(/usr/share/texlive/texmf-dist/tex/latex/base/utf8.def) [11]
(/usr/share/texlive/texmf-dist/tex/latex/base/utf8.def) [12] [13]
(/usr/share/texlive/texmf-dist/tex/latex/base/utf8.def)
Overfull \hbox (24.78088pt too wide) in paragraph at lines 782--782
 []\T1/zi4/m/n/10 do.dev_roll_med_acc_x=FALSE,do.dev_roll_med_acc_y=FALSE,do.de
v_roll_med_acc_z=FALSE,[] 

Overfull \hbox (34.42796pt too wide) in paragraph at lines 794--802
[]\T1/ptm/m/n/10 Three val-ues to in-di-cate the lengths of the win-dows as in 
c(window1,window2,window3):
[14] [15] (/usr/share/texlive/texmf-dist/tex/latex/base/utf8.def) [16] [17]
(/usr/share/texlive/texmf-dist/tex/latex/base/utf8.def) [18]
(/usr/share/texlive/texmf-dist/tex/latex/base/utf8.def) [19] [20]
Overfull \hbox (7.75723pt too wide) in paragraph at lines 1262--1266
\T1/ptm/m/n/10 of Hu-man Daily Phys-i-cal Ac-tiv-ity. PLoS ONE 8(4): e61691. do
i:10.1371/journal.pone.0061691 
[21] (/usr/share/texlive/texmf-dist/tex/latex/base/utf8.def)
Overfull \hbox (19.78088pt too wide) in paragraph at lines 1298--1298
 []\T1/zi4/m/n/10 g.part2(datadir=c(),metadatadir=c(),f0=c(),f1=c(),strategy = 
1, hrs.del.start = 0.5,[] 

Overfull \hbox (2.78088pt too wide) in paragraph at lines 1301--1301
 []\T1/zi4/m/n/10 ilevels = c(0,10), mvpathreshold = c(100),boutcriter = 0.8,nd
ayswindow=7,idloc=1,[] 

Overfull \hbox (64.7862pt too wide) in paragraph at lines 1311--1314
\T1/ptm/m/n/10 celerom-e-ter file-names and di-rec-to-ries, e.g. c("C:/mydata/m
yfile1.bin","C:/mydata/myfile2.bin"). 
[22] [23]
Overfull \hbox (7.75723pt too wide) in paragraph at lines 1453--1457
\T1/ptm/m/n/10 of Hu-man Daily Phys-i-cal Ac-tiv-ity. PLoS ONE 8(4): e61691. do
i:10.1371/journal.pone.0061691 
(/usr/share/texlive/texmf-dist/tex/latex/base/utf8.def) [24]
Underfull \hbox (badness 10000) in paragraph at lines 1533--1536

[25] (/usr/share/texlive/texmf-dist/tex/latex/inconsolata/ts1zi4.fd)
(/usr/share/texlive/texmf-dist/tex/latex/base/utf8.def) [26] [27]
Underfull \hbox (badness 10000) in paragraph at lines 1709--1712

[28]
Underfull \hbox (badness 10000) in paragraph at lines 1769--1774


Overfull \hbox (1.01826pt too wide) in paragraph at lines 1791--1793
[]\T1/zi4/m/n/10 sleeplog_dur_WD_sd \T1/ptm/m/n/10 Stan-dard de-vi-a-tion of sl
eep du-ra-tion ac-cord-ing to sleeplog ac-cros week-

Overfull \hbox (1.01826pt too wide) in paragraph at lines 1793--1795
[]\T1/zi4/m/n/10 sleeplog_dur_WE_sd \T1/ptm/m/n/10 Stan-dard de-vi-a-tion of sl
eep du-ra-tion ac-cord-ing to sleeplog ac-cros week-
[29] (/usr/share/texlive/texmf-dist/tex/latex/base/utf8.def) [30]
(/usr/share/texlive/texmf-dist/tex/latex/base/utf8.def)
Overfull \hbox (64.7862pt too wide) in paragraph at lines 1920--1923
\T1/ptm/m/n/10 celerom-e-ter file-names and di-rec-to-ries, e.g. c("C:/mydata/m
yfile1.bin","C:/mydata/myfile2.bin"). 
[31]
Overfull \hbox (7.75723pt too wide) in paragraph at lines 1981--1985
\T1/ptm/m/n/10 of Hu-man Daily Phys-i-cal Ac-tiv-ity. PLoS ONE 8(4): e61691. do
i:10.1371/journal.pone.0061691 
[32]
Underfull \vbox (badness 3803) has occurred while \output is active [33]
No file Rd2.ind.
[34] (/tmp/RtmpOvjeuP/Rd2pdf20d437a9c1bb/Rd2.aux) )
(see the transcript file for additional information){/usr/share/texlive/texmf-d
ist/fonts/enc/dvips/inconsolata/i4-ts1.enc}{/usr/share/texlive/texmf-dist/fonts
/enc/dvips/base/8r.enc}{/usr/share/texlive/texmf-dist/fonts/enc/dvips/inconsola
ta/i4-t1-0.enc}</usr/share/texlive/texmf-dist/fonts/type1/public/inconsolata/In
consolata-zi4r.pfb></usr/share/texlive/texmf-dist/fonts/type1/urw/helvetic/uhvr
8a.pfb></usr/share/texlive/texmf-dist/fonts/type1/urw/times/utmb8a.pfb></usr/sh
are/texlive/texmf-dist/fonts/type1/urw/times/utmr8a.pfb></usr/share/texlive/tex
mf-dist/fonts/type1/urw/times/utmr8a.pfb></usr/share/texlive/texmf-dist/fonts/t
ype1/urw/times/utmri8a.pfb>
Output written on Rd2.pdf (34 pages, 157528 bytes).
Transcript written on Rd2.log.
This is makeindex, version 2.15 [TeX Live 2015] (kpathsea + Thai support).
Scanning input file Rd2.idx....done (110 entries accepted, 0 rejected).
Sorting entries....done (868 comparisons).
Generating output file Rd2.ind....done (63 lines written, 1 warning).
Output written in Rd2.ind.
Transcript written in Rd2.ilg.
This is pdfTeX, Version 3.14159265-2.6-1.40.16 (TeX Live 2015/Debian) (preloaded format=pdflatex)
 restricted \write18 enabled.
entering extended mode
LaTeX2e <2016/02/01>
Babel <3.9q> and hyphenation patterns for 81 language(s) loaded.
(./Rd2.tex
(/usr/share/texlive/texmf-dist/tex/latex/base/book.cls
Document Class: book 2014/09/29 v1.4h Standard LaTeX document class
(/usr/share/texlive/texmf-dist/tex/latex/base/bk10.clo))
(/usr/share/R/share/texmf/tex/latex/Rd.sty
(/usr/share/texlive/texmf-dist/tex/latex/base/ifthen.sty)
(/usr/share/texlive/texmf-dist/tex/latex/tools/longtable.sty)
(/usr/share/texlive/texmf-dist/tex/latex/tools/bm.sty)
(/usr/share/texlive/texmf-dist/tex/latex/base/alltt.sty)
(/usr/share/texlive/texmf-dist/tex/latex/tools/verbatim.sty)
(/usr/share/texlive/texmf-dist/tex/latex/url/url.sty)
(/usr/share/texlive/texmf-dist/tex/latex/base/textcomp.sty
(/usr/share/texlive/texmf-dist/tex/latex/base/ts1enc.def))
(/usr/share/texlive/texmf-dist/tex/latex/base/fontenc.sty
(/usr/share/texlive/texmf-dist/tex/latex/base/t1enc.def))
(/usr/share/texlive/texmf-dist/tex/latex/psnfss/times.sty)
(/usr/share/texlive/texmf-dist/tex/latex/inconsolata/zi4.sty
`inconsolata-zi4' v1.10, 2016/02/22 Text macros for Inconsolata (msharpe)
(/usr/share/texlive/texmf-dist/tex/latex/graphics/keyval.sty))
(/usr/share/texlive/texmf-dist/tex/latex/graphics/color.sty
(/usr/share/texlive/texmf-dist/tex/latex/latexconfig/color.cfg)
(/usr/share/texlive/texmf-dist/tex/latex/pdftex-def/pdftex.def
(/usr/share/texlive/texmf-dist/tex/generic/oberdiek/infwarerr.sty)
(/usr/share/texlive/texmf-dist/tex/generic/oberdiek/ltxcmds.sty)))
(/usr/share/texlive/texmf-dist/tex/latex/hyperref/hyperref.sty
(/usr/share/texlive/texmf-dist/tex/generic/oberdiek/hobsub-hyperref.sty
(/usr/share/texlive/texmf-dist/tex/generic/oberdiek/hobsub-generic.sty))
(/usr/share/texlive/texmf-dist/tex/generic/ifxetex/ifxetex.sty)
(/usr/share/texlive/texmf-dist/tex/latex/oberdiek/auxhook.sty)
(/usr/share/texlive/texmf-dist/tex/latex/oberdiek/kvoptions.sty)
(/usr/share/texlive/texmf-dist/tex/latex/hyperref/pd1enc.def)
(/usr/share/texlive/texmf-dist/tex/latex/latexconfig/hyperref.cfg))

Package hyperref Message: Driver (autodetected): hpdftex.

(/usr/share/texlive/texmf-dist/tex/latex/hyperref/hpdftex.def
(/usr/share/texlive/texmf-dist/tex/latex/oberdiek/rerunfilecheck.sty))

Package hyperref Warning: Option `hyperindex' has already been used,
(hyperref)                setting the option has no effect on input line 366.


Package hyperref Warning: Option `pagebackref' has already been used,
(hyperref)                setting the option has no effect on input line 366.

) (/usr/share/texlive/texmf-dist/tex/latex/base/makeidx.sty)
(/usr/share/texlive/texmf-dist/tex/latex/base/inputenc.sty
(/usr/share/texlive/texmf-dist/tex/latex/base/utf8.def
(/usr/share/texlive/texmf-dist/tex/latex/base/t1enc.dfu)
(/usr/share/texlive/texmf-dist/tex/latex/base/ot1enc.dfu)
(/usr/share/texlive/texmf-dist/tex/latex/base/omsenc.dfu)
(/usr/share/texlive/texmf-dist/tex/latex/base/ts1enc.dfu))
(/usr/share/texlive/texmf-dist/tex/latex/base/latin1.def))
Writing index file Rd2.idx
(/tmp/RtmpOvjeuP/Rd2pdf20d437a9c1bb/Rd2.aux)
(/usr/share/texlive/texmf-dist/tex/latex/base/ts1cmr.fd)
(/usr/share/texlive/texmf-dist/tex/latex/psnfss/t1ptm.fd)
(/usr/share/texlive/texmf-dist/tex/context/base/supp-pdf.mkii
[Loading MPS to PDF converter (version 2006.09.02).]
) (/usr/share/texlive/texmf-dist/tex/latex/hyperref/nameref.sty
(/usr/share/texlive/texmf-dist/tex/generic/oberdiek/gettitlestring.sty))
(/tmp/RtmpOvjeuP/Rd2pdf20d437a9c1bb/Rd2.out)
(/tmp/RtmpOvjeuP/Rd2pdf20d437a9c1bb/Rd2.out)
(/usr/share/texlive/texmf-dist/tex/latex/inconsolata/t1zi4.fd)
(/usr/share/texlive/texmf-dist/tex/latex/psnfss/t1phv.fd)
(/tmp/RtmpOvjeuP/Rd2pdf20d437a9c1bb/Rd2.toc [1{/var/lib/texmf/fonts/map/pdftex/
updmap/pdftex.map}]) (/usr/share/texlive/texmf-dist/tex/latex/base/utf8.def)
Underfull \hbox (badness 10000) in paragraph at lines 37--105


Underfull \hbox (badness 10000) in paragraph at lines 37--105


Underfull \hbox (badness 10000) in paragraph at lines 37--105


Underfull \hbox (badness 10000) in paragraph at lines 37--105


Underfull \hbox (badness 10000) in paragraph at lines 37--105


Underfull \hbox (badness 10000) in paragraph at lines 37--105


Underfull \hbox (badness 10000) in paragraph at lines 37--105


Underfull \hbox (badness 10000) in paragraph at lines 37--105

[2] (/usr/share/texlive/texmf-dist/tex/latex/psnfss/ts1ptm.fd)
Overfull \hbox (7.75723pt too wide) in paragraph at lines 134--138
\T1/ptm/m/n/10 of Hu-man Daily Phys-i-cal Ac-tiv-ity. PLoS ONE 8(4): e61691. do
i:10.1371/journal.pone.0061691 
[3] (/usr/share/texlive/texmf-dist/tex/latex/base/utf8.def)
(/usr/share/texlive/texmf-dist/tex/latex/base/utf8.def) [4]
(/usr/share/texlive/texmf-dist/tex/latex/base/utf8.def)
(/usr/share/texlive/texmf-dist/tex/latex/base/utf8.def) [5]
Overfull \hbox (7.78088pt too wide) in paragraph at lines 278--278
 []\T1/zi4/m/n/10 winhr = 5, idloc = 1,snloc=1,mvpathreshold = c(),boutcriter=c
(),mvpadur=c(1,5,10),[] 
[6]
Underfull \hbox (badness 10000) in paragraph at lines 385--386

[7] [8]
Underfull \hbox (badness 10000) in paragraph at lines 462--463


Overfull \hbox (2.69771pt too wide) in paragraph at lines 483--485
[]\T1/zi4/m/n/10 pX_ENMO_mg_0-24h \T1/ptm/m/n/10 Per-centile in the short epoch
 dis-tri-bu-tion with in-valid data im-puted. Within
[9] (/usr/share/texlive/texmf-dist/tex/latex/base/utf8.def) [10]
Overfull \hbox (20.60657pt too wide) in paragraph at lines 581--583
[]\T1/ptm/m/n/10 Vincent T van Hees <vin-cent-van-hees@gmail.com> Jing Hua Zhao
 <jinghua.zhao@mrc-epid.cam.ac.uk> 
(/usr/share/texlive/texmf-dist/tex/latex/base/utf8.def) [11]
(/usr/share/texlive/texmf-dist/tex/latex/base/utf8.def) [12] [13]
(/usr/share/texlive/texmf-dist/tex/latex/base/utf8.def)
Overfull \hbox (24.78088pt too wide) in paragraph at lines 782--782
 []\T1/zi4/m/n/10 do.dev_roll_med_acc_x=FALSE,do.dev_roll_med_acc_y=FALSE,do.de
v_roll_med_acc_z=FALSE,[] 

Overfull \hbox (34.42796pt too wide) in paragraph at lines 794--802
[]\T1/ptm/m/n/10 Three val-ues to in-di-cate the lengths of the win-dows as in 
c(window1,window2,window3):
[14] [15] (/usr/share/texlive/texmf-dist/tex/latex/base/utf8.def) [16] [17]
(/usr/share/texlive/texmf-dist/tex/latex/base/utf8.def) [18]
(/usr/share/texlive/texmf-dist/tex/latex/base/utf8.def) [19] [20]
Overfull \hbox (7.75723pt too wide) in paragraph at lines 1262--1266
\T1/ptm/m/n/10 of Hu-man Daily Phys-i-cal Ac-tiv-ity. PLoS ONE 8(4): e61691. do
i:10.1371/journal.pone.0061691 
[21] (/usr/share/texlive/texmf-dist/tex/latex/base/utf8.def)
Overfull \hbox (19.78088pt too wide) in paragraph at lines 1298--1298
 []\T1/zi4/m/n/10 g.part2(datadir=c(),metadatadir=c(),f0=c(),f1=c(),strategy = 
1, hrs.del.start = 0.5,[] 

Overfull \hbox (2.78088pt too wide) in paragraph at lines 1301--1301
 []\T1/zi4/m/n/10 ilevels = c(0,10), mvpathreshold = c(100),boutcriter = 0.8,nd
ayswindow=7,idloc=1,[] 

Overfull \hbox (64.7862pt too wide) in paragraph at lines 1311--1314
\T1/ptm/m/n/10 celerom-e-ter file-names and di-rec-to-ries, e.g. c("C:/mydata/m
yfile1.bin","C:/mydata/myfile2.bin"). 
[22] [23]
Overfull \hbox (7.75723pt too wide) in paragraph at lines 1453--1457
\T1/ptm/m/n/10 of Hu-man Daily Phys-i-cal Ac-tiv-ity. PLoS ONE 8(4): e61691. do
i:10.1371/journal.pone.0061691 
(/usr/share/texlive/texmf-dist/tex/latex/base/utf8.def) [24]
Underfull \hbox (badness 10000) in paragraph at lines 1533--1536

[25] (/usr/share/texlive/texmf-dist/tex/latex/inconsolata/ts1zi4.fd)
(/usr/share/texlive/texmf-dist/tex/latex/base/utf8.def) [26] [27]
Underfull \hbox (badness 10000) in paragraph at lines 1709--1712

[28]
Underfull \hbox (badness 10000) in paragraph at lines 1769--1774


Overfull \hbox (1.01826pt too wide) in paragraph at lines 1791--1793
[]\T1/zi4/m/n/10 sleeplog_dur_WD_sd \T1/ptm/m/n/10 Stan-dard de-vi-a-tion of sl
eep du-ra-tion ac-cord-ing to sleeplog ac-cros week-

Overfull \hbox (1.01826pt too wide) in paragraph at lines 1793--1795
[]\T1/zi4/m/n/10 sleeplog_dur_WE_sd \T1/ptm/m/n/10 Stan-dard de-vi-a-tion of sl
eep du-ra-tion ac-cord-ing to sleeplog ac-cros week-
[29] (/usr/share/texlive/texmf-dist/tex/latex/base/utf8.def) [30]
(/usr/share/texlive/texmf-dist/tex/latex/base/utf8.def)
Overfull \hbox (64.7862pt too wide) in paragraph at lines 1920--1923
\T1/ptm/m/n/10 celerom-e-ter file-names and di-rec-to-ries, e.g. c("C:/mydata/m
yfile1.bin","C:/mydata/myfile2.bin"). 
[31]
Overfull \hbox (7.75723pt too wide) in paragraph at lines 1981--1985
\T1/ptm/m/n/10 of Hu-man Daily Phys-i-cal Ac-tiv-ity. PLoS ONE 8(4): e61691. do
i:10.1371/journal.pone.0061691 
[32]
Underfull \vbox (badness 3803) has occurred while \output is active [33]
(/tmp/RtmpOvjeuP/Rd2pdf20d437a9c1bb/Rd2.ind [34]

LaTeX Font Warning: Font shape `T1/zi4/m/it' undefined
(Font)              using `T1/zi4/m/n' instead on input line 59.

[35]) (/tmp/RtmpOvjeuP/Rd2pdf20d437a9c1bb/Rd2.aux)

Package rerunfilecheck Warning: File `Rd2.out' has changed.
(rerunfilecheck)                Rerun to get outlines right
(rerunfilecheck)                or use package `bookmark'.


LaTeX Font Warning: Some font shapes were not available, defaults substituted.

 )
(see the transcript file for additional information){/usr/share/texlive/texmf-d
ist/fonts/enc/dvips/inconsolata/i4-ts1.enc}{/usr/share/texlive/texmf-dist/fonts
/enc/dvips/base/8r.enc}{/usr/share/texlive/texmf-dist/fonts/enc/dvips/inconsola
ta/i4-t1-0.enc}</usr/share/texlive/texmf-dist/fonts/type1/public/inconsolata/In
consolata-zi4r.pfb></usr/share/texlive/texmf-dist/fonts/type1/public/amsfonts/c
m/cmsy10.pfb></usr/share/texlive/texmf-dist/fonts/type1/urw/helvetic/uhvr8a.pfb
></usr/share/texlive/texmf-dist/fonts/type1/urw/times/utmb8a.pfb></usr/share/te
xlive/texmf-dist/fonts/type1/urw/times/utmr8a.pfb></usr/share/texlive/texmf-dis
t/fonts/type1/urw/times/utmr8a.pfb></usr/share/texlive/texmf-dist/fonts/type1/u
rw/times/utmri8a.pfb>
Output written on Rd2.pdf (35 pages, 168214 bytes).
Transcript written on Rd2.log.
This is makeindex, version 2.15 [TeX Live 2015] (kpathsea + Thai support).
Scanning input file Rd2.idx....done (110 entries accepted, 0 rejected).
Sorting entries....done (868 comparisons).
Generating output file Rd2.ind....done (63 lines written, 1 warning).
Output written in Rd2.ind.
Transcript written in Rd2.ilg.
This is pdfTeX, Version 3.14159265-2.6-1.40.16 (TeX Live 2015/Debian) (preloaded format=pdflatex)
 restricted \write18 enabled.
entering extended mode
LaTeX2e <2016/02/01>
Babel <3.9q> and hyphenation patterns for 81 language(s) loaded.
(./Rd2.tex
(/usr/share/texlive/texmf-dist/tex/latex/base/book.cls
Document Class: book 2014/09/29 v1.4h Standard LaTeX document class
(/usr/share/texlive/texmf-dist/tex/latex/base/bk10.clo))
(/usr/share/R/share/texmf/tex/latex/Rd.sty
(/usr/share/texlive/texmf-dist/tex/latex/base/ifthen.sty)
(/usr/share/texlive/texmf-dist/tex/latex/tools/longtable.sty)
(/usr/share/texlive/texmf-dist/tex/latex/tools/bm.sty)
(/usr/share/texlive/texmf-dist/tex/latex/base/alltt.sty)
(/usr/share/texlive/texmf-dist/tex/latex/tools/verbatim.sty)
(/usr/share/texlive/texmf-dist/tex/latex/url/url.sty)
(/usr/share/texlive/texmf-dist/tex/latex/base/textcomp.sty
(/usr/share/texlive/texmf-dist/tex/latex/base/ts1enc.def))
(/usr/share/texlive/texmf-dist/tex/latex/base/fontenc.sty
(/usr/share/texlive/texmf-dist/tex/latex/base/t1enc.def))
(/usr/share/texlive/texmf-dist/tex/latex/psnfss/times.sty)
(/usr/share/texlive/texmf-dist/tex/latex/inconsolata/zi4.sty
`inconsolata-zi4' v1.10, 2016/02/22 Text macros for Inconsolata (msharpe)
(/usr/share/texlive/texmf-dist/tex/latex/graphics/keyval.sty))
(/usr/share/texlive/texmf-dist/tex/latex/graphics/color.sty
(/usr/share/texlive/texmf-dist/tex/latex/latexconfig/color.cfg)
(/usr/share/texlive/texmf-dist/tex/latex/pdftex-def/pdftex.def
(/usr/share/texlive/texmf-dist/tex/generic/oberdiek/infwarerr.sty)
(/usr/share/texlive/texmf-dist/tex/generic/oberdiek/ltxcmds.sty)))
(/usr/share/texlive/texmf-dist/tex/latex/hyperref/hyperref.sty
(/usr/share/texlive/texmf-dist/tex/generic/oberdiek/hobsub-hyperref.sty
(/usr/share/texlive/texmf-dist/tex/generic/oberdiek/hobsub-generic.sty))
(/usr/share/texlive/texmf-dist/tex/generic/ifxetex/ifxetex.sty)
(/usr/share/texlive/texmf-dist/tex/latex/oberdiek/auxhook.sty)
(/usr/share/texlive/texmf-dist/tex/latex/oberdiek/kvoptions.sty)
(/usr/share/texlive/texmf-dist/tex/latex/hyperref/pd1enc.def)
(/usr/share/texlive/texmf-dist/tex/latex/latexconfig/hyperref.cfg))

Package hyperref Message: Driver (autodetected): hpdftex.

(/usr/share/texlive/texmf-dist/tex/latex/hyperref/hpdftex.def
(/usr/share/texlive/texmf-dist/tex/latex/oberdiek/rerunfilecheck.sty))

Package hyperref Warning: Option `hyperindex' has already been used,
(hyperref)                setting the option has no effect on input line 366.


Package hyperref Warning: Option `pagebackref' has already been used,
(hyperref)                setting the option has no effect on input line 366.

) (/usr/share/texlive/texmf-dist/tex/latex/base/makeidx.sty)
(/usr/share/texlive/texmf-dist/tex/latex/base/inputenc.sty
(/usr/share/texlive/texmf-dist/tex/latex/base/utf8.def
(/usr/share/texlive/texmf-dist/tex/latex/base/t1enc.dfu)
(/usr/share/texlive/texmf-dist/tex/latex/base/ot1enc.dfu)
(/usr/share/texlive/texmf-dist/tex/latex/base/omsenc.dfu)
(/usr/share/texlive/texmf-dist/tex/latex/base/ts1enc.dfu))
(/usr/share/texlive/texmf-dist/tex/latex/base/latin1.def))
Writing index file Rd2.idx
(/tmp/RtmpOvjeuP/Rd2pdf20d437a9c1bb/Rd2.aux)
(/usr/share/texlive/texmf-dist/tex/latex/base/ts1cmr.fd)
(/usr/share/texlive/texmf-dist/tex/latex/psnfss/t1ptm.fd)
(/usr/share/texlive/texmf-dist/tex/context/base/supp-pdf.mkii
[Loading MPS to PDF converter (version 2006.09.02).]
) (/usr/share/texlive/texmf-dist/tex/latex/hyperref/nameref.sty
(/usr/share/texlive/texmf-dist/tex/generic/oberdiek/gettitlestring.sty))
(/tmp/RtmpOvjeuP/Rd2pdf20d437a9c1bb/Rd2.out)
(/tmp/RtmpOvjeuP/Rd2pdf20d437a9c1bb/Rd2.out)
(/usr/share/texlive/texmf-dist/tex/latex/inconsolata/t1zi4.fd)
(/usr/share/texlive/texmf-dist/tex/latex/psnfss/t1phv.fd)
(/tmp/RtmpOvjeuP/Rd2pdf20d437a9c1bb/Rd2.toc [1{/var/lib/texmf/fonts/map/pdftex/
updmap/pdftex.map}]) (/usr/share/texlive/texmf-dist/tex/latex/base/utf8.def)
Underfull \hbox (badness 10000) in paragraph at lines 37--105


Underfull \hbox (badness 10000) in paragraph at lines 37--105


Underfull \hbox (badness 10000) in paragraph at lines 37--105


Underfull \hbox (badness 10000) in paragraph at lines 37--105


Underfull \hbox (badness 10000) in paragraph at lines 37--105


Underfull \hbox (badness 10000) in paragraph at lines 37--105


Underfull \hbox (badness 10000) in paragraph at lines 37--105


Underfull \hbox (badness 10000) in paragraph at lines 37--105

[2] (/usr/share/texlive/texmf-dist/tex/latex/psnfss/ts1ptm.fd)
Overfull \hbox (7.75723pt too wide) in paragraph at lines 134--138
\T1/ptm/m/n/10 of Hu-man Daily Phys-i-cal Ac-tiv-ity. PLoS ONE 8(4): e61691. do
i:10.1371/journal.pone.0061691 
[3] (/usr/share/texlive/texmf-dist/tex/latex/base/utf8.def) [4]
(/usr/share/texlive/texmf-dist/tex/latex/base/utf8.def)
(/usr/share/texlive/texmf-dist/tex/latex/base/utf8.def)
(/usr/share/texlive/texmf-dist/tex/latex/base/utf8.def) [5]
Overfull \hbox (7.78088pt too wide) in paragraph at lines 278--278
 []\T1/zi4/m/n/10 winhr = 5, idloc = 1,snloc=1,mvpathreshold = c(),boutcriter=c
(),mvpadur=c(1,5,10),[] 
[6]
Underfull \hbox (badness 10000) in paragraph at lines 385--386

[7] [8]
Underfull \hbox (badness 10000) in paragraph at lines 462--463


Overfull \hbox (2.69771pt too wide) in paragraph at lines 483--485
[]\T1/zi4/m/n/10 pX_ENMO_mg_0-24h \T1/ptm/m/n/10 Per-centile in the short epoch
 dis-tri-bu-tion with in-valid data im-puted. Within
[9] (/usr/share/texlive/texmf-dist/tex/latex/base/utf8.def) [10]
Overfull \hbox (20.60657pt too wide) in paragraph at lines 581--583
[]\T1/ptm/m/n/10 Vincent T van Hees <vin-cent-van-hees@gmail.com> Jing Hua Zhao
 <jinghua.zhao@mrc-epid.cam.ac.uk> 
(/usr/share/texlive/texmf-dist/tex/latex/base/utf8.def) [11]
(/usr/share/texlive/texmf-dist/tex/latex/base/utf8.def) [12] [13]
(/usr/share/texlive/texmf-dist/tex/latex/base/utf8.def)
Overfull \hbox (24.78088pt too wide) in paragraph at lines 782--782
 []\T1/zi4/m/n/10 do.dev_roll_med_acc_x=FALSE,do.dev_roll_med_acc_y=FALSE,do.de
v_roll_med_acc_z=FALSE,[] 

Overfull \hbox (34.42796pt too wide) in paragraph at lines 794--802
[]\T1/ptm/m/n/10 Three val-ues to in-di-cate the lengths of the win-dows as in 
c(window1,window2,window3):
[14] [15] (/usr/share/texlive/texmf-dist/tex/latex/base/utf8.def) [16] [17]
(/usr/share/texlive/texmf-dist/tex/latex/base/utf8.def) [18]
(/usr/share/texlive/texmf-dist/tex/latex/base/utf8.def) [19] [20]
Overfull \hbox (7.75723pt too wide) in paragraph at lines 1262--1266
\T1/ptm/m/n/10 of Hu-man Daily Phys-i-cal Ac-tiv-ity. PLoS ONE 8(4): e61691. do
i:10.1371/journal.pone.0061691 
[21] (/usr/share/texlive/texmf-dist/tex/latex/base/utf8.def)
Overfull \hbox (19.78088pt too wide) in paragraph at lines 1298--1298
 []\T1/zi4/m/n/10 g.part2(datadir=c(),metadatadir=c(),f0=c(),f1=c(),strategy = 
1, hrs.del.start = 0.5,[] 

Overfull \hbox (2.78088pt too wide) in paragraph at lines 1301--1301
 []\T1/zi4/m/n/10 ilevels = c(0,10), mvpathreshold = c(100),boutcriter = 0.8,nd
ayswindow=7,idloc=1,[] 

Overfull \hbox (64.7862pt too wide) in paragraph at lines 1311--1314
\T1/ptm/m/n/10 celerom-e-ter file-names and di-rec-to-ries, e.g. c("C:/mydata/m
yfile1.bin","C:/mydata/myfile2.bin"). 
[22] [23]
Overfull \hbox (7.75723pt too wide) in paragraph at lines 1453--1457
\T1/ptm/m/n/10 of Hu-man Daily Phys-i-cal Ac-tiv-ity. PLoS ONE 8(4): e61691. do
i:10.1371/journal.pone.0061691 
(/usr/share/texlive/texmf-dist/tex/latex/base/utf8.def) [24]
Underfull \hbox (badness 10000) in paragraph at lines 1533--1536

[25] (/usr/share/texlive/texmf-dist/tex/latex/inconsolata/ts1zi4.fd)
(/usr/share/texlive/texmf-dist/tex/latex/base/utf8.def) [26] [27]
Underfull \hbox (badness 10000) in paragraph at lines 1709--1712

[28]
Underfull \hbox (badness 10000) in paragraph at lines 1769--1774


Overfull \hbox (1.01826pt too wide) in paragraph at lines 1791--1793
[]\T1/zi4/m/n/10 sleeplog_dur_WD_sd \T1/ptm/m/n/10 Stan-dard de-vi-a-tion of sl
eep du-ra-tion ac-cord-ing to sleeplog ac-cros week-

Overfull \hbox (1.01826pt too wide) in paragraph at lines 1793--1795
[]\T1/zi4/m/n/10 sleeplog_dur_WE_sd \T1/ptm/m/n/10 Stan-dard de-vi-a-tion of sl
eep du-ra-tion ac-cord-ing to sleeplog ac-cros week-
[29] (/usr/share/texlive/texmf-dist/tex/latex/base/utf8.def) [30]
(/usr/share/texlive/texmf-dist/tex/latex/base/utf8.def)
Overfull \hbox (64.7862pt too wide) in paragraph at lines 1920--1923
\T1/ptm/m/n/10 celerom-e-ter file-names and di-rec-to-ries, e.g. c("C:/mydata/m
yfile1.bin","C:/mydata/myfile2.bin"). 
[31]
Overfull \hbox (7.75723pt too wide) in paragraph at lines 1981--1985
\T1/ptm/m/n/10 of Hu-man Daily Phys-i-cal Ac-tiv-ity. PLoS ONE 8(4): e61691. do
i:10.1371/journal.pone.0061691 
[32]
Underfull \vbox (badness 3803) has occurred while \output is active [33]
(/tmp/RtmpOvjeuP/Rd2pdf20d437a9c1bb/Rd2.ind [34]

LaTeX Font Warning: Font shape `T1/zi4/m/it' undefined
(Font)              using `T1/zi4/m/n' instead on input line 59.

[35]) (/tmp/RtmpOvjeuP/Rd2pdf20d437a9c1bb/Rd2.aux)

LaTeX Font Warning: Some font shapes were not available, defaults substituted.

 )
(see the transcript file for additional information){/usr/share/texlive/texmf-d
ist/fonts/enc/dvips/inconsolata/i4-ts1.enc}{/usr/share/texlive/texmf-dist/fonts
/enc/dvips/base/8r.enc}{/usr/share/texlive/texmf-dist/fonts/enc/dvips/inconsola
ta/i4-t1-0.enc}</usr/share/texlive/texmf-dist/fonts/type1/public/inconsolata/In
consolata-zi4r.pfb></usr/share/texlive/texmf-dist/fonts/type1/public/amsfonts/c
m/cmsy10.pfb></usr/share/texlive/texmf-dist/fonts/type1/urw/helvetic/uhvr8a.pfb
></usr/share/texlive/texmf-dist/fonts/type1/urw/times/utmb8a.pfb></usr/share/te
xlive/texmf-dist/fonts/type1/urw/times/utmr8a.pfb></usr/share/texlive/texmf-dis
t/fonts/type1/urw/times/utmr8a.pfb></usr/share/texlive/texmf-dist/fonts/type1/u
rw/times/utmri8a.pfb>
Output written on Rd2.pdf (35 pages, 169074 bytes).
Transcript written on Rd2.log.
Saving output to 'GGIR-manual.pdf' ...
Done
You may want to clean up by 'rm -rf /tmp/RtmpOvjeuP/Rd2pdf20d437a9c1bb'
